[0.465s] DEBUG:colcon:Command line arguments: ['/usr/bin/colcon', 'build', '--symlink-install']
[0.465s] DEBUG:colcon:Parsed command line arguments: Namespace(log_base=None, log_level=None, verb_name='build', build_base='build', install_base='install', merge_install=False, symlink_install=True, test_result_base=None, continue_on_error=False, executor='parallel', parallel_workers=12, event_handlers=None, ignore_user_meta=False, metas=['./colcon.meta'], base_paths=['.'], packages_ignore=None, packages_ignore_regex=None, paths=None, packages_up_to=None, packages_up_to_regex=None, packages_above=None, packages_above_and_dependencies=None, packages_above_depth=None, packages_select_by_dep=None, packages_skip_by_dep=None, packages_skip_up_to=None, packages_select_build_failed=False, packages_skip_build_finished=False, packages_select_test_failures=False, packages_skip_test_passed=False, packages_select=None, packages_skip=None, packages_select_regex=None, packages_skip_regex=None, packages_start=None, packages_end=None, allow_overriding=[], cmake_args=None, cmake_target=None, cmake_target_skip_unavailable=False, cmake_clean_cache=False, cmake_clean_first=False, cmake_force_configure=False, ament_cmake_args=None, catkin_cmake_args=None, catkin_skip_building_tests=False, verb_parser=<colcon_defaults.argument_parser.defaults.DefaultArgumentsDecorator object at 0x7f8122496b30>, verb_extension=<colcon_core.verb.build.BuildVerb object at 0x7f8122c1d210>, main=<bound method BuildVerb.main of <colcon_core.verb.build.BuildVerb object at 0x7f8122c1d210>>)
[0.516s] Level 1:colcon.colcon_core.package_discovery:discover_packages(colcon_meta) check parameters
[0.516s] Level 1:colcon.colcon_core.package_discovery:discover_packages(recursive) check parameters
[0.516s] Level 1:colcon.colcon_core.package_discovery:discover_packages(ignore) check parameters
[0.516s] Level 1:colcon.colcon_core.package_discovery:discover_packages(path) check parameters
[0.516s] Level 1:colcon.colcon_core.package_discovery:discover_packages(colcon_meta) discover
[0.516s] Level 1:colcon.colcon_core.package_discovery:discover_packages(recursive) discover
[0.516s] INFO:colcon.colcon_core.package_discovery:Crawling recursively for packages in '/home/allan/dev_ws'
[0.516s] Level 1:colcon.colcon_core.package_identification:_identify(.) by extensions ['ignore', 'ignore_ament_install']
[0.516s] Level 1:colcon.colcon_core.package_identification:_identify(.) by extension 'ignore'
[0.516s] Level 1:colcon.colcon_core.package_identification:_identify(.) by extension 'ignore_ament_install'
[0.517s] Level 1:colcon.colcon_core.package_identification:_identify(.) by extensions ['colcon_pkg']
[0.517s] Level 1:colcon.colcon_core.package_identification:_identify(.) by extension 'colcon_pkg'
[0.517s] Level 1:colcon.colcon_core.package_identification:_identify(.) by extensions ['colcon_meta']
[0.517s] Level 1:colcon.colcon_core.package_identification:_identify(.) by extension 'colcon_meta'
[0.517s] Level 1:colcon.colcon_core.package_identification:_identify(.) by extensions ['ros']
[0.517s] Level 1:colcon.colcon_core.package_identification:_identify(.) by extension 'ros'
[0.536s] Level 1:colcon.colcon_core.package_identification:_identify(.) by extensions ['cmake', 'python']
[0.536s] Level 1:colcon.colcon_core.package_identification:_identify(.) by extension 'cmake'
[0.536s] Level 1:colcon.colcon_core.package_identification:_identify(.) by extension 'python'
[0.536s] Level 1:colcon.colcon_core.package_identification:_identify(.) by extensions ['python_setup_py']
[0.536s] Level 1:colcon.colcon_core.package_identification:_identify(.) by extension 'python_setup_py'
[0.537s] Level 1:colcon.colcon_core.package_identification:_identify(build) by extensions ['ignore', 'ignore_ament_install']
[0.537s] Level 1:colcon.colcon_core.package_identification:_identify(build) by extension 'ignore'
[0.537s] Level 1:colcon.colcon_core.package_identification:_identify(build) ignored
[0.537s] Level 1:colcon.colcon_core.package_identification:_identify(install) by extensions ['ignore', 'ignore_ament_install']
[0.537s] Level 1:colcon.colcon_core.package_identification:_identify(install) by extension 'ignore'
[0.537s] Level 1:colcon.colcon_core.package_identification:_identify(install) ignored
[0.537s] Level 1:colcon.colcon_core.package_identification:_identify(log) by extensions ['ignore', 'ignore_ament_install']
[0.538s] Level 1:colcon.colcon_core.package_identification:_identify(log) by extension 'ignore'
[0.538s] Level 1:colcon.colcon_core.package_identification:_identify(log) ignored
[0.538s] Level 1:colcon.colcon_core.package_identification:_identify(src) by extensions ['ignore', 'ignore_ament_install']
[0.538s] Level 1:colcon.colcon_core.package_identification:_identify(src) by extension 'ignore'
[0.538s] Level 1:colcon.colcon_core.package_identification:_identify(src) by extension 'ignore_ament_install'
[0.538s] Level 1:colcon.colcon_core.package_identification:_identify(src) by extensions ['colcon_pkg']
[0.538s] Level 1:colcon.colcon_core.package_identification:_identify(src) by extension 'colcon_pkg'
[0.538s] Level 1:colcon.colcon_core.package_identification:_identify(src) by extensions ['colcon_meta']
[0.538s] Level 1:colcon.colcon_core.package_identification:_identify(src) by extension 'colcon_meta'
[0.538s] Level 1:colcon.colcon_core.package_identification:_identify(src) by extensions ['ros']
[0.538s] Level 1:colcon.colcon_core.package_identification:_identify(src) by extension 'ros'
[0.539s] Level 1:colcon.colcon_core.package_identification:_identify(src) by extensions ['cmake', 'python']
[0.539s] Level 1:colcon.colcon_core.package_identification:_identify(src) by extension 'cmake'
[0.539s] Level 1:colcon.colcon_core.package_identification:_identify(src) by extension 'python'
[0.539s] Level 1:colcon.colcon_core.package_identification:_identify(src) by extensions ['python_setup_py']
[0.539s] Level 1:colcon.colcon_core.package_identification:_identify(src) by extension 'python_setup_py'
[0.539s] Level 1:colcon.colcon_core.package_identification:_identify(src/colour-detector) by extensions ['ignore', 'ignore_ament_install']
[0.539s] Level 1:colcon.colcon_core.package_identification:_identify(src/colour-detector) by extension 'ignore'
[0.539s] Level 1:colcon.colcon_core.package_identification:_identify(src/colour-detector) by extension 'ignore_ament_install'
[0.539s] Level 1:colcon.colcon_core.package_identification:_identify(src/colour-detector) by extensions ['colcon_pkg']
[0.539s] Level 1:colcon.colcon_core.package_identification:_identify(src/colour-detector) by extension 'colcon_pkg'
[0.539s] Level 1:colcon.colcon_core.package_identification:_identify(src/colour-detector) by extensions ['colcon_meta']
[0.540s] Level 1:colcon.colcon_core.package_identification:_identify(src/colour-detector) by extension 'colcon_meta'
[0.540s] Level 1:colcon.colcon_core.package_identification:_identify(src/colour-detector) by extensions ['ros']
[0.540s] Level 1:colcon.colcon_core.package_identification:_identify(src/colour-detector) by extension 'ros'
[0.544s] DEBUG:colcon.colcon_core.package_identification:Package 'src/colour-detector' with type 'ros.ament_cmake' and name 'colour_detector'
[0.544s] Level 1:colcon.colcon_core.package_discovery:discover_packages(recursive) using defaults
[0.544s] Level 1:colcon.colcon_core.package_discovery:discover_packages(ignore) discover
[0.544s] Level 1:colcon.colcon_core.package_discovery:discover_packages(ignore) using defaults
[0.544s] Level 1:colcon.colcon_core.package_discovery:discover_packages(path) discover
[0.544s] Level 1:colcon.colcon_core.package_discovery:discover_packages(path) using defaults
[0.578s] Level 1:colcon.colcon_core.package_discovery:discover_packages(prefix_path) check parameters
[0.578s] Level 1:colcon.colcon_core.package_discovery:discover_packages(prefix_path) discover
[0.582s] DEBUG:colcon.colcon_installed_package_information.package_discovery:Found 340 installed packages in /opt/ros/humble
[0.584s] Level 1:colcon.colcon_core.package_discovery:discover_packages(prefix_path) using defaults
[0.699s] Level 5:colcon.colcon_core.verb:set package 'colour_detector' build argument 'cmake_args' from command line to 'None'
[0.699s] Level 5:colcon.colcon_core.verb:set package 'colour_detector' build argument 'cmake_target' from command line to 'None'
[0.699s] Level 5:colcon.colcon_core.verb:set package 'colour_detector' build argument 'cmake_target_skip_unavailable' from command line to 'False'
[0.699s] Level 5:colcon.colcon_core.verb:set package 'colour_detector' build argument 'cmake_clean_cache' from command line to 'False'
[0.699s] Level 5:colcon.colcon_core.verb:set package 'colour_detector' build argument 'cmake_clean_first' from command line to 'False'
[0.699s] Level 5:colcon.colcon_core.verb:set package 'colour_detector' build argument 'cmake_force_configure' from command line to 'False'
[0.699s] Level 5:colcon.colcon_core.verb:set package 'colour_detector' build argument 'ament_cmake_args' from command line to 'None'
[0.699s] Level 5:colcon.colcon_core.verb:set package 'colour_detector' build argument 'catkin_cmake_args' from command line to 'None'
[0.699s] Level 5:colcon.colcon_core.verb:set package 'colour_detector' build argument 'catkin_skip_building_tests' from command line to 'False'
[0.700s] DEBUG:colcon.colcon_core.verb:Building package 'colour_detector' with the following arguments: {'ament_cmake_args': None, 'build_base': '/home/allan/dev_ws/build/colour_detector', 'catkin_cmake_args': None, 'catkin_skip_building_tests': False, 'cmake_args': None, 'cmake_clean_cache': False, 'cmake_clean_first': False, 'cmake_force_configure': False, 'cmake_target': None, 'cmake_target_skip_unavailable': False, 'install_base': '/home/allan/dev_ws/install/colour_detector', 'merge_install': False, 'path': '/home/allan/dev_ws/src/colour-detector', 'symlink_install': True, 'test_result_base': None}
[0.701s] INFO:colcon.colcon_core.executor:Executing jobs using 'parallel' executor
[0.708s] DEBUG:colcon.colcon_parallel_executor.executor.parallel:run_until_complete
[0.708s] INFO:colcon.colcon_ros.task.ament_cmake.build:Building ROS package in '/home/allan/dev_ws/src/colour-detector' with build type 'ament_cmake'
[0.708s] INFO:colcon.colcon_cmake.task.cmake.build:Building CMake package in '/home/allan/dev_ws/src/colour-detector'
[0.715s] INFO:colcon.colcon_core.plugin_system:Skipping extension 'colcon_core.shell.bat': Not used on non-Windows systems
[0.716s] INFO:colcon.colcon_core.shell:Skip shell extension 'powershell' for command environment: Not usable outside of PowerShell
[0.716s] DEBUG:colcon.colcon_core.shell:Skip shell extension 'dsv' for command environment
[0.731s] DEBUG:colcon.colcon_core.event_handler.log_command:Invoking command in '/home/allan/dev_ws/build/colour_detector': CMAKE_PREFIX_PATH=/opt/ros/humble /usr/bin/cmake --build /home/allan/dev_ws/build/colour_detector -- -j12 -l12
[0.761s] DEBUG:colcon.colcon_core.event_handler.log_command:Invoked command in '/home/allan/dev_ws/build/colour_detector' returned '0': CMAKE_PREFIX_PATH=/opt/ros/humble /usr/bin/cmake --build /home/allan/dev_ws/build/colour_detector -- -j12 -l12
[0.785s] DEBUG:colcon.colcon_core.event_handler.log_command:Invoking command in '/home/allan/dev_ws/build/colour_detector': CMAKE_PREFIX_PATH=/opt/ros/humble /usr/bin/cmake --install /home/allan/dev_ws/build/colour_detector
[0.812s] Level 1:colcon.colcon_core.environment:create_environment_scripts_only(colour_detector)
[0.813s] DEBUG:colcon.colcon_core.event_handler.log_command:Invoked command in '/home/allan/dev_ws/build/colour_detector' returned '0': CMAKE_PREFIX_PATH=/opt/ros/humble /usr/bin/cmake --install /home/allan/dev_ws/build/colour_detector
[0.818s] Level 1:colcon.colcon_core.environment:checking '/home/allan/dev_ws/install/colour_detector' for CMake module files
[0.819s] Level 1:colcon.colcon_core.environment:checking '/home/allan/dev_ws/install/colour_detector' for CMake config files
[0.819s] Level 1:colcon.colcon_core.shell:create_environment_hook('colour_detector', 'cmake_prefix_path')
[0.821s] INFO:colcon.colcon_core.shell:Creating environment hook '/home/allan/dev_ws/install/colour_detector/share/colour_detector/hook/cmake_prefix_path.ps1'
[0.822s] INFO:colcon.colcon_core.shell:Creating environment descriptor '/home/allan/dev_ws/install/colour_detector/share/colour_detector/hook/cmake_prefix_path.dsv'
[0.823s] INFO:colcon.colcon_core.shell:Creating environment hook '/home/allan/dev_ws/install/colour_detector/share/colour_detector/hook/cmake_prefix_path.sh'
[0.824s] Level 1:colcon.colcon_core.environment:checking '/home/allan/dev_ws/install/colour_detector/bin'
[0.824s] Level 1:colcon.colcon_core.environment:checking '/home/allan/dev_ws/install/colour_detector/lib/pkgconfig/colour_detector.pc'
[0.824s] Level 1:colcon.colcon_core.environment:checking '/home/allan/dev_ws/install/colour_detector/lib/python3.10/site-packages'
[0.824s] Level 1:colcon.colcon_core.environment:checking '/home/allan/dev_ws/install/colour_detector/bin'
[0.826s] INFO:colcon.colcon_core.shell:Creating package script '/home/allan/dev_ws/install/colour_detector/share/colour_detector/package.ps1'
[0.827s] INFO:colcon.colcon_core.shell:Creating package descriptor '/home/allan/dev_ws/install/colour_detector/share/colour_detector/package.dsv'
[0.828s] INFO:colcon.colcon_core.shell:Creating package script '/home/allan/dev_ws/install/colour_detector/share/colour_detector/package.sh'
[0.829s] INFO:colcon.colcon_core.shell:Creating package script '/home/allan/dev_ws/install/colour_detector/share/colour_detector/package.bash'
[0.829s] INFO:colcon.colcon_core.shell:Creating package script '/home/allan/dev_ws/install/colour_detector/share/colour_detector/package.zsh'
[0.830s] Level 1:colcon.colcon_core.environment:create_file_with_runtime_dependencies(/home/allan/dev_ws/install/colour_detector/share/colcon-core/packages/colour_detector)
[0.850s] Level 1:colcon.colcon_core.environment:create_environment_scripts_only(colour_detector)
[0.853s] Level 1:colcon.colcon_core.environment:checking '/home/allan/dev_ws/install/colour_detector' for CMake module files
[0.854s] Level 1:colcon.colcon_core.environment:checking '/home/allan/dev_ws/install/colour_detector' for CMake config files
[0.855s] Level 1:colcon.colcon_core.shell:create_environment_hook('colour_detector', 'cmake_prefix_path')
[0.857s] INFO:colcon.colcon_core.shell:Creating environment hook '/home/allan/dev_ws/install/colour_detector/share/colour_detector/hook/cmake_prefix_path.ps1'
[0.858s] INFO:colcon.colcon_core.shell:Creating environment descriptor '/home/allan/dev_ws/install/colour_detector/share/colour_detector/hook/cmake_prefix_path.dsv'
[0.859s] INFO:colcon.colcon_core.shell:Creating environment hook '/home/allan/dev_ws/install/colour_detector/share/colour_detector/hook/cmake_prefix_path.sh'
[0.859s] Level 1:colcon.colcon_core.environment:checking '/home/allan/dev_ws/install/colour_detector/bin'
[0.859s] Level 1:colcon.colcon_core.environment:checking '/home/allan/dev_ws/install/colour_detector/lib/pkgconfig/colour_detector.pc'
[0.860s] Level 1:colcon.colcon_core.environment:checking '/home/allan/dev_ws/install/colour_detector/lib/python3.10/site-packages'
[0.860s] Level 1:colcon.colcon_core.environment:checking '/home/allan/dev_ws/install/colour_detector/bin'
[0.863s] INFO:colcon.colcon_core.shell:Creating package script '/home/allan/dev_ws/install/colour_detector/share/colour_detector/package.ps1'
[0.864s] INFO:colcon.colcon_core.shell:Creating package descriptor '/home/allan/dev_ws/install/colour_detector/share/colour_detector/package.dsv'
[0.865s] INFO:colcon.colcon_core.shell:Creating package script '/home/allan/dev_ws/install/colour_detector/share/colour_detector/package.sh'
[0.865s] INFO:colcon.colcon_core.shell:Creating package script '/home/allan/dev_ws/install/colour_detector/share/colour_detector/package.bash'
[0.866s] INFO:colcon.colcon_core.shell:Creating package script '/home/allan/dev_ws/install/colour_detector/share/colour_detector/package.zsh'
[0.866s] Level 1:colcon.colcon_core.environment:create_file_with_runtime_dependencies(/home/allan/dev_ws/install/colour_detector/share/colcon-core/packages/colour_detector)
[0.867s] DEBUG:colcon.colcon_parallel_executor.executor.parallel:closing loop
[0.867s] DEBUG:colcon.colcon_parallel_executor.executor.parallel:loop closed
[0.867s] DEBUG:colcon.colcon_parallel_executor.executor.parallel:run_until_complete finished with '0'
[0.867s] DEBUG:colcon.colcon_core.event_reactor:joining thread
[0.872s] INFO:colcon.colcon_core.plugin_system:Skipping extension 'colcon_notification.desktop_notification.terminal_notifier': Not used on non-Darwin systems
[0.873s] INFO:colcon.colcon_core.plugin_system:Skipping extension 'colcon_notification.desktop_notification.win32': Not used on non-Windows systems
[0.873s] INFO:colcon.colcon_notification.desktop_notification:Sending desktop notification using 'notify2'
[0.884s] DEBUG:colcon.colcon_core.event_reactor:joined thread
[0.886s] INFO:colcon.colcon_core.shell:Creating prefix script '/home/allan/dev_ws/install/local_setup.ps1'
[0.888s] INFO:colcon.colcon_core.shell:Creating prefix util module '/home/allan/dev_ws/install/_local_setup_util_ps1.py'
[0.891s] INFO:colcon.colcon_core.shell:Creating prefix chain script '/home/allan/dev_ws/install/setup.ps1'
[0.894s] INFO:colcon.colcon_core.shell:Creating prefix script '/home/allan/dev_ws/install/local_setup.sh'
[0.895s] INFO:colcon.colcon_core.shell:Creating prefix util module '/home/allan/dev_ws/install/_local_setup_util_sh.py'
[0.896s] INFO:colcon.colcon_core.shell:Creating prefix chain script '/home/allan/dev_ws/install/setup.sh'
[0.898s] INFO:colcon.colcon_core.shell:Creating prefix script '/home/allan/dev_ws/install/local_setup.bash'
[0.899s] INFO:colcon.colcon_core.shell:Creating prefix chain script '/home/allan/dev_ws/install/setup.bash'
[0.901s] INFO:colcon.colcon_core.shell:Creating prefix script '/home/allan/dev_ws/install/local_setup.zsh'
[0.902s] INFO:colcon.colcon_core.shell:Creating prefix chain script '/home/allan/dev_ws/install/setup.zsh'
