[0.008s] Invoking command in '/home/allan/dev_ws/build/colour_detector': CMAKE_PREFIX_PATH=/opt/ros/humble /usr/bin/cmake /home/allan/dev_ws/src/colour-detector -DAMENT_CMAKE_SYMLINK_INSTALL=1 -DCMAKE_INSTALL_PREFIX=/home/allan/dev_ws/install/colour_detector
[0.092s] -- The C compiler identification is GNU 11.3.0
[0.162s] -- The CXX compiler identification is GNU 11.3.0
[0.172s] -- Detecting C compiler ABI info
[0.219s] -- Detecting C compiler ABI info - done
[0.226s] -- Check for working C compiler: /usr/bin/cc - skipped
[0.226s] -- Detecting C compile features
[0.226s] -- Detecting C compile features - done
[0.229s] -- Detecting CXX compiler ABI info
[0.282s] -- Detecting CXX compiler ABI info - done
[0.288s] -- Check for working CXX compiler: /usr/bin/c++ - skipped
[0.288s] -- Detecting CXX compile features
[0.288s] -- Detecting CXX compile features - done
[0.291s] -- Found ament_cmake: 1.3.3 (/opt/ros/humble/share/ament_cmake/cmake)
[0.397s] -- Found Python3: /usr/bin/python3.10 (found version "3.10.6") found components: Interpreter 
[0.440s] -- Override CMake install command with custom implementation using symlinks instead of copying resources
[0.461s] -- Found ament_lint_auto: 0.12.5 (/opt/ros/humble/share/ament_lint_auto/cmake)
[0.515s] -- Added test 'copyright' to check source files copyright and LICENSE
[0.518s] -- Added test 'flake8' to check Python code syntax and style conventions
[0.519s] -- Added test 'lint_cmake' to check CMake code style
[0.520s] -- Added test 'pep257' to check Python code against some of the docstring style conventions in PEP 257
[0.521s] -- Added test 'xmllint' to check XML markup files
[0.522s] -- Configuring done
[0.524s] -- Generating done
[0.525s] -- Build files have been written to: /home/allan/dev_ws/build/colour_detector
[0.528s] Invoked command in '/home/allan/dev_ws/build/colour_detector' returned '0': CMAKE_PREFIX_PATH=/opt/ros/humble /usr/bin/cmake /home/allan/dev_ws/src/colour-detector -DAMENT_CMAKE_SYMLINK_INSTALL=1 -DCMAKE_INSTALL_PREFIX=/home/allan/dev_ws/install/colour_detector
[0.529s] Invoking command in '/home/allan/dev_ws/build/colour_detector': CMAKE_PREFIX_PATH=/opt/ros/humble /usr/bin/cmake --build /home/allan/dev_ws/build/colour_detector -- -j12 -l12
[0.548s] Invoked command in '/home/allan/dev_ws/build/colour_detector' returned '0': CMAKE_PREFIX_PATH=/opt/ros/humble /usr/bin/cmake --build /home/allan/dev_ws/build/colour_detector -- -j12 -l12
[0.563s] Invoking command in '/home/allan/dev_ws/build/colour_detector': CMAKE_PREFIX_PATH=/opt/ros/humble /usr/bin/cmake --install /home/allan/dev_ws/build/colour_detector
[0.567s] -- Install configuration: ""
[0.567s] -- Execute custom install script
[0.568s] -- Symlinking: /home/allan/dev_ws/install/colour_detector/share/colour_detector/config/empty.yaml
[0.572s] -- Symlinking: /home/allan/dev_ws/install/colour_detector/share/colour_detector/description/robot.urdf.xacro
[0.577s] -- Symlinking: /home/allan/dev_ws/install/colour_detector/share/colour_detector/launch/rsp.launch.py
[0.581s] -- Symlinking: /home/allan/dev_ws/install/colour_detector/share/colour_detector/worlds/empty.world
[0.586s] -- Symlinking: /home/allan/dev_ws/install/colour_detector/share/ament_index/resource_index/package_run_dependencies/colour_detector
[0.590s] -- Symlinking: /home/allan/dev_ws/install/colour_detector/share/ament_index/resource_index/parent_prefix_path/colour_detector
[0.594s] -- Symlinking: /home/allan/dev_ws/install/colour_detector/share/colour_detector/environment/ament_prefix_path.sh
[0.599s] -- Symlinking: /home/allan/dev_ws/install/colour_detector/share/colour_detector/environment/ament_prefix_path.dsv
[0.603s] -- Symlinking: /home/allan/dev_ws/install/colour_detector/share/colour_detector/environment/path.sh
[0.607s] -- Symlinking: /home/allan/dev_ws/install/colour_detector/share/colour_detector/environment/path.dsv
[0.611s] -- Symlinking: /home/allan/dev_ws/install/colour_detector/share/colour_detector/local_setup.bash
[0.614s] -- Symlinking: /home/allan/dev_ws/install/colour_detector/share/colour_detector/local_setup.sh
[0.618s] -- Symlinking: /home/allan/dev_ws/install/colour_detector/share/colour_detector/local_setup.zsh
[0.622s] -- Symlinking: /home/allan/dev_ws/install/colour_detector/share/colour_detector/local_setup.dsv
[0.627s] -- Symlinking: /home/allan/dev_ws/install/colour_detector/share/colour_detector/package.dsv
[0.631s] -- Symlinking: /home/allan/dev_ws/install/colour_detector/share/ament_index/resource_index/packages/colour_detector
[0.636s] -- Symlinking: /home/allan/dev_ws/install/colour_detector/share/colour_detector/cmake/colour_detectorConfig.cmake
[0.640s] -- Symlinking: /home/allan/dev_ws/install/colour_detector/share/colour_detector/cmake/colour_detectorConfig-version.cmake
[0.645s] -- Symlinking: /home/allan/dev_ws/install/colour_detector/share/colour_detector/package.xml
[0.651s] Invoked command in '/home/allan/dev_ws/build/colour_detector' returned '0': CMAKE_PREFIX_PATH=/opt/ros/humble /usr/bin/cmake --install /home/allan/dev_ws/build/colour_detector
