[0.501s] DEBUG:colcon:Command line arguments: ['/usr/bin/colcon', 'build', '--symlink-install']
[0.501s] DEBUG:colcon:Parsed command line arguments: Namespace(log_base=None, log_level=None, verb_name='build', build_base='build', install_base='install', merge_install=False, symlink_install=True, test_result_base=None, continue_on_error=False, executor='parallel', parallel_workers=12, event_handlers=None, ignore_user_meta=False, metas=['./colcon.meta'], base_paths=['.'], packages_ignore=None, packages_ignore_regex=None, paths=None, packages_up_to=None, packages_up_to_regex=None, packages_above=None, packages_above_and_dependencies=None, packages_above_depth=None, packages_select_by_dep=None, packages_skip_by_dep=None, packages_skip_up_to=None, packages_select_build_failed=False, packages_skip_build_finished=False, packages_select_test_failures=False, packages_skip_test_passed=False, packages_select=None, packages_skip=None, packages_select_regex=None, packages_skip_regex=None, packages_start=None, packages_end=None, allow_overriding=[], cmake_args=None, cmake_target=None, cmake_target_skip_unavailable=False, cmake_clean_cache=False, cmake_clean_first=False, cmake_force_configure=False, ament_cmake_args=None, catkin_cmake_args=None, catkin_skip_building_tests=False, verb_parser=<colcon_defaults.argument_parser.defaults.DefaultArgumentsDecorator object at 0x7fe98a946b60>, verb_extension=<colcon_core.verb.build.BuildVerb object at 0x7fe98b1591b0>, main=<bound method BuildVerb.main of <colcon_core.verb.build.BuildVerb object at 0x7fe98b1591b0>>)
[0.543s] Level 1:colcon.colcon_core.package_discovery:discover_packages(colcon_meta) check parameters
[0.544s] Level 1:colcon.colcon_core.package_discovery:discover_packages(recursive) check parameters
[0.544s] Level 1:colcon.colcon_core.package_discovery:discover_packages(ignore) check parameters
[0.544s] Level 1:colcon.colcon_core.package_discovery:discover_packages(path) check parameters
[0.544s] Level 1:colcon.colcon_core.package_discovery:discover_packages(colcon_meta) discover
[0.544s] Level 1:colcon.colcon_core.package_discovery:discover_packages(recursive) discover
[0.544s] INFO:colcon.colcon_core.package_discovery:Crawling recursively for packages in '/home/allan/dev_ws'
[0.544s] Level 1:colcon.colcon_core.package_identification:_identify(.) by extensions ['ignore', 'ignore_ament_install']
[0.544s] Level 1:colcon.colcon_core.package_identification:_identify(.) by extension 'ignore'
[0.544s] Level 1:colcon.colcon_core.package_identification:_identify(.) by extension 'ignore_ament_install'
[0.545s] Level 1:colcon.colcon_core.package_identification:_identify(.) by extensions ['colcon_pkg']
[0.545s] Level 1:colcon.colcon_core.package_identification:_identify(.) by extension 'colcon_pkg'
[0.545s] Level 1:colcon.colcon_core.package_identification:_identify(.) by extensions ['colcon_meta']
[0.545s] Level 1:colcon.colcon_core.package_identification:_identify(.) by extension 'colcon_meta'
[0.545s] Level 1:colcon.colcon_core.package_identification:_identify(.) by extensions ['ros']
[0.545s] Level 1:colcon.colcon_core.package_identification:_identify(.) by extension 'ros'
[0.565s] Level 1:colcon.colcon_core.package_identification:_identify(.) by extensions ['cmake', 'python']
[0.565s] Level 1:colcon.colcon_core.package_identification:_identify(.) by extension 'cmake'
[0.565s] Level 1:colcon.colcon_core.package_identification:_identify(.) by extension 'python'
[0.565s] Level 1:colcon.colcon_core.package_identification:_identify(.) by extensions ['python_setup_py']
[0.565s] Level 1:colcon.colcon_core.package_identification:_identify(.) by extension 'python_setup_py'
[0.565s] Level 1:colcon.colcon_core.package_identification:_identify(build) by extensions ['ignore', 'ignore_ament_install']
[0.566s] Level 1:colcon.colcon_core.package_identification:_identify(build) by extension 'ignore'
[0.566s] Level 1:colcon.colcon_core.package_identification:_identify(build) ignored
[0.566s] Level 1:colcon.colcon_core.package_identification:_identify(install) by extensions ['ignore', 'ignore_ament_install']
[0.566s] Level 1:colcon.colcon_core.package_identification:_identify(install) by extension 'ignore'
[0.566s] Level 1:colcon.colcon_core.package_identification:_identify(install) ignored
[0.566s] Level 1:colcon.colcon_core.package_identification:_identify(log) by extensions ['ignore', 'ignore_ament_install']
[0.567s] Level 1:colcon.colcon_core.package_identification:_identify(log) by extension 'ignore'
[0.567s] Level 1:colcon.colcon_core.package_identification:_identify(log) ignored
[0.567s] Level 1:colcon.colcon_core.package_identification:_identify(src) by extensions ['ignore', 'ignore_ament_install']
[0.567s] Level 1:colcon.colcon_core.package_identification:_identify(src) by extension 'ignore'
[0.567s] Level 1:colcon.colcon_core.package_identification:_identify(src) by extension 'ignore_ament_install'
[0.567s] Level 1:colcon.colcon_core.package_identification:_identify(src) by extensions ['colcon_pkg']
[0.567s] Level 1:colcon.colcon_core.package_identification:_identify(src) by extension 'colcon_pkg'
[0.567s] Level 1:colcon.colcon_core.package_identification:_identify(src) by extensions ['colcon_meta']
[0.567s] Level 1:colcon.colcon_core.package_identification:_identify(src) by extension 'colcon_meta'
[0.568s] Level 1:colcon.colcon_core.package_identification:_identify(src) by extensions ['ros']
[0.568s] Level 1:colcon.colcon_core.package_identification:_identify(src) by extension 'ros'
[0.568s] Level 1:colcon.colcon_core.package_identification:_identify(src) by extensions ['cmake', 'python']
[0.568s] Level 1:colcon.colcon_core.package_identification:_identify(src) by extension 'cmake'
[0.568s] Level 1:colcon.colcon_core.package_identification:_identify(src) by extension 'python'
[0.568s] Level 1:colcon.colcon_core.package_identification:_identify(src) by extensions ['python_setup_py']
[0.568s] Level 1:colcon.colcon_core.package_identification:_identify(src) by extension 'python_setup_py'
[0.568s] Level 1:colcon.colcon_core.package_identification:_identify(src/colour-detector) by extensions ['ignore', 'ignore_ament_install']
[0.568s] Level 1:colcon.colcon_core.package_identification:_identify(src/colour-detector) by extension 'ignore'
[0.569s] Level 1:colcon.colcon_core.package_identification:_identify(src/colour-detector) by extension 'ignore_ament_install'
[0.569s] Level 1:colcon.colcon_core.package_identification:_identify(src/colour-detector) by extensions ['colcon_pkg']
[0.569s] Level 1:colcon.colcon_core.package_identification:_identify(src/colour-detector) by extension 'colcon_pkg'
[0.569s] Level 1:colcon.colcon_core.package_identification:_identify(src/colour-detector) by extensions ['colcon_meta']
[0.569s] Level 1:colcon.colcon_core.package_identification:_identify(src/colour-detector) by extension 'colcon_meta'
[0.569s] Level 1:colcon.colcon_core.package_identification:_identify(src/colour-detector) by extensions ['ros']
[0.569s] Level 1:colcon.colcon_core.package_identification:_identify(src/colour-detector) by extension 'ros'
[0.573s] DEBUG:colcon.colcon_core.package_identification:Package 'src/colour-detector' with type 'ros.ament_cmake' and name 'colour_detector'
[0.573s] Level 1:colcon.colcon_core.package_discovery:discover_packages(recursive) using defaults
[0.574s] Level 1:colcon.colcon_core.package_discovery:discover_packages(ignore) discover
[0.574s] Level 1:colcon.colcon_core.package_discovery:discover_packages(ignore) using defaults
[0.574s] Level 1:colcon.colcon_core.package_discovery:discover_packages(path) discover
[0.574s] Level 1:colcon.colcon_core.package_discovery:discover_packages(path) using defaults
[0.616s] Level 1:colcon.colcon_core.package_discovery:discover_packages(prefix_path) check parameters
[0.616s] Level 1:colcon.colcon_core.package_discovery:discover_packages(prefix_path) discover
[0.621s] DEBUG:colcon.colcon_installed_package_information.package_discovery:Found 1 installed packages in /home/allan/dev_ws/install
[0.624s] DEBUG:colcon.colcon_installed_package_information.package_discovery:Found 340 installed packages in /opt/ros/humble
[0.627s] Level 1:colcon.colcon_core.package_discovery:discover_packages(prefix_path) using defaults
[0.733s] Level 5:colcon.colcon_core.verb:set package 'colour_detector' build argument 'cmake_args' from command line to 'None'
[0.733s] Level 5:colcon.colcon_core.verb:set package 'colour_detector' build argument 'cmake_target' from command line to 'None'
[0.733s] Level 5:colcon.colcon_core.verb:set package 'colour_detector' build argument 'cmake_target_skip_unavailable' from command line to 'False'
[0.733s] Level 5:colcon.colcon_core.verb:set package 'colour_detector' build argument 'cmake_clean_cache' from command line to 'False'
[0.733s] Level 5:colcon.colcon_core.verb:set package 'colour_detector' build argument 'cmake_clean_first' from command line to 'False'
[0.733s] Level 5:colcon.colcon_core.verb:set package 'colour_detector' build argument 'cmake_force_configure' from command line to 'False'
[0.733s] Level 5:colcon.colcon_core.verb:set package 'colour_detector' build argument 'ament_cmake_args' from command line to 'None'
[0.733s] Level 5:colcon.colcon_core.verb:set package 'colour_detector' build argument 'catkin_cmake_args' from command line to 'None'
[0.734s] Level 5:colcon.colcon_core.verb:set package 'colour_detector' build argument 'catkin_skip_building_tests' from command line to 'False'
[0.734s] DEBUG:colcon.colcon_core.verb:Building package 'colour_detector' with the following arguments: {'ament_cmake_args': None, 'build_base': '/home/allan/dev_ws/build/colour_detector', 'catkin_cmake_args': None, 'catkin_skip_building_tests': False, 'cmake_args': None, 'cmake_clean_cache': False, 'cmake_clean_first': False, 'cmake_force_configure': False, 'cmake_target': None, 'cmake_target_skip_unavailable': False, 'install_base': '/home/allan/dev_ws/install/colour_detector', 'merge_install': False, 'path': '/home/allan/dev_ws/src/colour-detector', 'symlink_install': True, 'test_result_base': None}
[0.735s] INFO:colcon.colcon_core.executor:Executing jobs using 'parallel' executor
[0.742s] DEBUG:colcon.colcon_parallel_executor.executor.parallel:run_until_complete
[0.742s] INFO:colcon.colcon_ros.task.ament_cmake.build:Building ROS package in '/home/allan/dev_ws/src/colour-detector' with build type 'ament_cmake'
[0.742s] INFO:colcon.colcon_cmake.task.cmake.build:Building CMake package in '/home/allan/dev_ws/src/colour-detector'
[0.749s] INFO:colcon.colcon_core.plugin_system:Skipping extension 'colcon_core.shell.bat': Not used on non-Windows systems
[0.750s] INFO:colcon.colcon_core.shell:Skip shell extension 'powershell' for command environment: Not usable outside of PowerShell
[0.750s] DEBUG:colcon.colcon_core.shell:Skip shell extension 'dsv' for command environment
[0.762s] DEBUG:colcon.colcon_core.event_handler.log_command:Invoking command in '/home/allan/dev_ws/build/colour_detector': CMAKE_PREFIX_PATH=${CMAKE_PREFIX_PATH}:/opt/ros/humble /usr/bin/cmake --build /home/allan/dev_ws/build/colour_detector -- -j12 -l12
[0.797s] DEBUG:colcon.colcon_core.event_handler.log_command:Invoked command in '/home/allan/dev_ws/build/colour_detector' returned '0': CMAKE_PREFIX_PATH=${CMAKE_PREFIX_PATH}:/opt/ros/humble /usr/bin/cmake --build /home/allan/dev_ws/build/colour_detector -- -j12 -l12
[0.824s] DEBUG:colcon.colcon_core.event_handler.log_command:Invoking command in '/home/allan/dev_ws/build/colour_detector': CMAKE_PREFIX_PATH=${CMAKE_PREFIX_PATH}:/opt/ros/humble /usr/bin/cmake --install /home/allan/dev_ws/build/colour_detector
[0.866s] Level 1:colcon.colcon_core.environment:create_environment_scripts_only(colour_detector)
[0.867s] DEBUG:colcon.colcon_core.event_handler.log_command:Invoked command in '/home/allan/dev_ws/build/colour_detector' returned '0': CMAKE_PREFIX_PATH=${CMAKE_PREFIX_PATH}:/opt/ros/humble /usr/bin/cmake --install /home/allan/dev_ws/build/colour_detector
[0.872s] Level 1:colcon.colcon_core.environment:checking '/home/allan/dev_ws/install/colour_detector' for CMake module files
[0.873s] Level 1:colcon.colcon_core.environment:checking '/home/allan/dev_ws/install/colour_detector' for CMake config files
[0.873s] Level 1:colcon.colcon_core.shell:create_environment_hook('colour_detector', 'cmake_prefix_path')
[0.876s] INFO:colcon.colcon_core.shell:Creating environment hook '/home/allan/dev_ws/install/colour_detector/share/colour_detector/hook/cmake_prefix_path.ps1'
[0.876s] INFO:colcon.colcon_core.shell:Creating environment descriptor '/home/allan/dev_ws/install/colour_detector/share/colour_detector/hook/cmake_prefix_path.dsv'
[0.877s] INFO:colcon.colcon_core.shell:Creating environment hook '/home/allan/dev_ws/install/colour_detector/share/colour_detector/hook/cmake_prefix_path.sh'
[0.878s] Level 1:colcon.colcon_core.environment:checking '/home/allan/dev_ws/install/colour_detector/bin'
[0.878s] Level 1:colcon.colcon_core.environment:checking '/home/allan/dev_ws/install/colour_detector/lib/pkgconfig/colour_detector.pc'
[0.878s] Level 1:colcon.colcon_core.environment:checking '/home/allan/dev_ws/install/colour_detector/lib/python3.10/site-packages'
[0.878s] Level 1:colcon.colcon_core.environment:checking '/home/allan/dev_ws/install/colour_detector/bin'
[0.880s] INFO:colcon.colcon_core.shell:Creating package script '/home/allan/dev_ws/install/colour_detector/share/colour_detector/package.ps1'
[0.881s] INFO:colcon.colcon_core.shell:Creating package descriptor '/home/allan/dev_ws/install/colour_detector/share/colour_detector/package.dsv'
[0.881s] INFO:colcon.colcon_core.shell:Creating package script '/home/allan/dev_ws/install/colour_detector/share/colour_detector/package.sh'
[0.882s] INFO:colcon.colcon_core.shell:Creating package script '/home/allan/dev_ws/install/colour_detector/share/colour_detector/package.bash'
[0.883s] INFO:colcon.colcon_core.shell:Creating package script '/home/allan/dev_ws/install/colour_detector/share/colour_detector/package.zsh'
[0.883s] Level 1:colcon.colcon_core.environment:create_file_with_runtime_dependencies(/home/allan/dev_ws/install/colour_detector/share/colcon-core/packages/colour_detector)
[0.902s] Level 1:colcon.colcon_core.environment:create_environment_scripts_only(colour_detector)
[0.906s] Level 1:colcon.colcon_core.environment:checking '/home/allan/dev_ws/install/colour_detector' for CMake module files
[0.907s] Level 1:colcon.colcon_core.environment:checking '/home/allan/dev_ws/install/colour_detector' for CMake config files
[0.907s] Level 1:colcon.colcon_core.shell:create_environment_hook('colour_detector', 'cmake_prefix_path')
[0.910s] INFO:colcon.colcon_core.shell:Creating environment hook '/home/allan/dev_ws/install/colour_detector/share/colour_detector/hook/cmake_prefix_path.ps1'
[0.910s] INFO:colcon.colcon_core.shell:Creating environment descriptor '/home/allan/dev_ws/install/colour_detector/share/colour_detector/hook/cmake_prefix_path.dsv'
[0.911s] INFO:colcon.colcon_core.shell:Creating environment hook '/home/allan/dev_ws/install/colour_detector/share/colour_detector/hook/cmake_prefix_path.sh'
[0.911s] Level 1:colcon.colcon_core.environment:checking '/home/allan/dev_ws/install/colour_detector/bin'
[0.911s] Level 1:colcon.colcon_core.environment:checking '/home/allan/dev_ws/install/colour_detector/lib/pkgconfig/colour_detector.pc'
[0.912s] Level 1:colcon.colcon_core.environment:checking '/home/allan/dev_ws/install/colour_detector/lib/python3.10/site-packages'
[0.912s] Level 1:colcon.colcon_core.environment:checking '/home/allan/dev_ws/install/colour_detector/bin'
[0.915s] INFO:colcon.colcon_core.shell:Creating package script '/home/allan/dev_ws/install/colour_detector/share/colour_detector/package.ps1'
[0.915s] INFO:colcon.colcon_core.shell:Creating package descriptor '/home/allan/dev_ws/install/colour_detector/share/colour_detector/package.dsv'
[0.916s] INFO:colcon.colcon_core.shell:Creating package script '/home/allan/dev_ws/install/colour_detector/share/colour_detector/package.sh'
[0.917s] INFO:colcon.colcon_core.shell:Creating package script '/home/allan/dev_ws/install/colour_detector/share/colour_detector/package.bash'
[0.917s] INFO:colcon.colcon_core.shell:Creating package script '/home/allan/dev_ws/install/colour_detector/share/colour_detector/package.zsh'
[0.918s] Level 1:colcon.colcon_core.environment:create_file_with_runtime_dependencies(/home/allan/dev_ws/install/colour_detector/share/colcon-core/packages/colour_detector)
[0.918s] DEBUG:colcon.colcon_parallel_executor.executor.parallel:closing loop
[0.918s] DEBUG:colcon.colcon_parallel_executor.executor.parallel:loop closed
[0.919s] DEBUG:colcon.colcon_parallel_executor.executor.parallel:run_until_complete finished with '0'
[0.919s] DEBUG:colcon.colcon_core.event_reactor:joining thread
[0.924s] INFO:colcon.colcon_core.plugin_system:Skipping extension 'colcon_notification.desktop_notification.terminal_notifier': Not used on non-Darwin systems
[0.924s] INFO:colcon.colcon_core.plugin_system:Skipping extension 'colcon_notification.desktop_notification.win32': Not used on non-Windows systems
[0.924s] INFO:colcon.colcon_notification.desktop_notification:Sending desktop notification using 'notify2'
[0.939s] DEBUG:colcon.colcon_core.event_reactor:joined thread
[0.941s] INFO:colcon.colcon_core.shell:Creating prefix script '/home/allan/dev_ws/install/local_setup.ps1'
[0.942s] INFO:colcon.colcon_core.shell:Creating prefix util module '/home/allan/dev_ws/install/_local_setup_util_ps1.py'
[0.943s] INFO:colcon.colcon_core.shell:Creating prefix chain script '/home/allan/dev_ws/install/setup.ps1'
[0.945s] INFO:colcon.colcon_core.shell:Creating prefix script '/home/allan/dev_ws/install/local_setup.sh'
[0.947s] INFO:colcon.colcon_core.shell:Creating prefix util module '/home/allan/dev_ws/install/_local_setup_util_sh.py'
[0.947s] INFO:colcon.colcon_core.shell:Creating prefix chain script '/home/allan/dev_ws/install/setup.sh'
[0.949s] INFO:colcon.colcon_core.shell:Creating prefix script '/home/allan/dev_ws/install/local_setup.bash'
[0.950s] INFO:colcon.colcon_core.shell:Creating prefix chain script '/home/allan/dev_ws/install/setup.bash'
[0.952s] INFO:colcon.colcon_core.shell:Creating prefix script '/home/allan/dev_ws/install/local_setup.zsh'
[0.953s] INFO:colcon.colcon_core.shell:Creating prefix chain script '/home/allan/dev_ws/install/setup.zsh'
